<?xml version="1.0" encoding="UTF-8"?>
<!-- Generated by org.testng.reporters.JUnitReportReporter -->
<testsuite skipped="0" hostname="DESKTOP-8PV5AO7" name="testCasesPOM.TC002_CreateLeadNeg" tests="3" failures="0" timestamp="06 Aug 2018 16:01:59 GMT" time="46.551" errors="0">
  <testcase name="createLead" time="17.517" classname="testCasesPOM.TC002_CreateLeadNeg"/>
  <testcase name="createLead" time="14.399" classname="testCasesPOM.TC002_CreateLeadNeg"/>
  <testcase name="createLead" time="14.635" classname="testCasesPOM.TC002_CreateLeadNeg"/>
</testsuite> <!-- testCasesPOM.TC002_CreateLeadNeg -->
