<?xml version="1.0" encoding="UTF-8"?>
<!-- Generated by org.testng.reporters.JUnitReportReporter -->
<testsuite skipped="0" hostname="DESKTOP-8PV5AO7" name="testCasesPOM.TC005_DeleteLead" tests="1" failures="0" timestamp="06 Aug 2018 16:01:59 GMT" time="21.038" errors="0">
  <testcase name="deleteLead" time="21.038" classname="testCasesPOM.TC005_DeleteLead"/>
</testsuite> <!-- testCasesPOM.TC005_DeleteLead -->
