<?xml version="1.0" encoding="UTF-8"?>
<!-- Generated by org.testng.reporters.JUnitReportReporter -->
<testsuite skipped="1" hostname="DESKTOP-8PV5AO7" name="testCase.MergeLead" tests="1" failures="0" timestamp="22 Jul 2018 04:27:51 GMT" time="0.000" errors="0">
  <testcase name="LeadMerge" time="0.000" classname="testCase.MergeLead">
    <skipped/>
  </testcase> <!-- LeadMerge -->
</testsuite> <!-- testCase.MergeLead -->
