<?xml version="1.0" encoding="UTF-8"?>
<!-- Generated by org.testng.reporters.JUnitReportReporter -->
<testsuite hostname="DESKTOP-8PV5AO7" name="projectSession.CreateWithSeMethod" tests="1" failures="0" timestamp="21 Jul 2018 04:21:43 GMT" time="36.597" errors="0">
  <testcase name="createLead" time="36.597" classname="projectSession.CreateWithSeMethod"/>
</testsuite> <!-- projectSession.CreateWithSeMethod -->
