<?xml version="1.0" encoding="UTF-8"?>
<!-- Generated by org.testng.reporters.JUnitReportReporter -->
<testsuite skipped="0" hostname="DESKTOP-8PV5AO7" name="testCasesPOM.TC006_DuplicateLead" tests="1" failures="0" timestamp="07 Aug 2018 16:42:29 GMT" time="24.058" errors="0">
  <testcase name="duplicateLead" time="24.058" classname="testCasesPOM.TC006_DuplicateLead"/>
</testsuite> <!-- testCasesPOM.TC006_DuplicateLead -->
