<?xml version="1.0" encoding="UTF-8"?>
<!-- Generated by org.testng.reporters.JUnitReportReporter -->
<testsuite skipped="0" hostname="DESKTOP-8PV5AO7" name="Reports.DeleteLead" tests="1" failures="0" timestamp="29 Jul 2018 02:37:11 GMT" time="40.745" errors="0">
  <testcase name="delete" time="40.745" classname="Reports.DeleteLead"/>
</testsuite> <!-- Reports.DeleteLead -->
