<?xml version="1.0" encoding="UTF-8"?>
<!-- Generated by org.testng.reporters.JUnitReportReporter -->
<testsuite skipped="0" hostname="ACER_LAP" name="testCasesPOM.TC001_CreateLead" tests="2" failures="0" timestamp="11 Aug 2018 11:41:49 GMT" time="51.477" errors="0">
  <testcase name="createLead" time="26.529" classname="testCasesPOM.TC001_CreateLead"/>
  <testcase name="createLead" time="24.948" classname="testCasesPOM.TC001_CreateLead"/>
</testsuite> <!-- testCasesPOM.TC001_CreateLead -->
