<?xml version="1.0" encoding="UTF-8"?>
<!-- Generated by org.testng.reporters.JUnitReportReporter -->
<testsuite skipped="0" hostname="DESKTOP-8PV5AO7" name="GridScript.Leaftaps" tests="1" failures="0" timestamp="04 Aug 2018 10:37:22 GMT" time="16.447" errors="0">
  <testcase name="login" time="16.447" classname="GridScript.Leaftaps"/>
</testsuite> <!-- GridScript.Leaftaps -->
