<?xml version="1.0" encoding="UTF-8"?>
<!-- Generated by org.testng.reporters.JUnitReportReporter -->
<testsuite skipped="0" hostname="DESKTOP-8PV5AO7" name="testCases.TC004_EditLead" tests="1" failures="0" timestamp="03 Aug 2018 17:24:33 GMT" time="81.130" errors="0">
  <testcase name="editLead" time="81.130" classname="testCases.TC004_EditLead"/>
</testsuite> <!-- testCases.TC004_EditLead -->
