<?xml version="1.0" encoding="UTF-8"?>
<!-- Generated by org.testng.reporters.JUnitReportReporter -->
<testsuite skipped="0" hostname="DESKTOP-8PV5AO7" name="Reports.CreateLead" tests="2" failures="0" timestamp="29 Jul 2018 02:37:11 GMT" time="75.926" errors="0">
  <testcase name="createLead" time="43.591" classname="Reports.CreateLead"/>
  <testcase name="createLead" time="32.335" classname="Reports.CreateLead"/>
</testsuite> <!-- Reports.CreateLead -->
