<?xml version="1.0" encoding="UTF-8"?>
<!-- Generated by org.testng.reporters.JUnitReportReporter -->
<testsuite skipped="0" hostname="DESKTOP-8PV5AO7" name="testCase.DeleteLead" tests="1" failures="0" timestamp="22 Jul 2018 04:27:51 GMT" time="20.795" errors="0">
  <testcase name="delete" time="20.795" classname="testCase.DeleteLead"/>
</testsuite> <!-- testCase.DeleteLead -->
