<?xml version="1.0" encoding="UTF-8"?>
<!-- Generated by org.testng.reporters.JUnitReportReporter -->
<testsuite skipped="0" hostname="DESKTOP-8PV5AO7" name="testCases.TC006_DuplicateLead" tests="1" failures="0" timestamp="03 Aug 2018 17:24:33 GMT" time="110.942" errors="0">
  <testcase name="duplicateLead" time="110.942" classname="testCases.TC006_DuplicateLead"/>
</testsuite> <!-- testCases.TC006_DuplicateLead -->
