<?xml version="1.0" encoding="UTF-8"?>
<!-- Generated by org.testng.reporters.JUnitReportReporter -->
<testsuite skipped="0" hostname="DESKTOP-8PV5AO7" name="GridScript.JqueryUi" tests="1" failures="0" timestamp="04 Aug 2018 10:23:21 GMT" time="23.926" errors="0">
  <testcase name="frame" time="23.926" classname="GridScript.JqueryUi"/>
</testsuite> <!-- GridScript.JqueryUi -->
