<?xml version="1.0" encoding="UTF-8"?>
<!-- Generated by org.testng.reporters.JUnitReportReporter -->
<testsuite skipped="1" hostname="DESKTOP-8PV5AO7" name="Reports.CreateLeadDataProvider" tests="1" failures="0" timestamp="28 Jul 2018 14:11:40 GMT" time="0.000" errors="0">
  <testcase name="createLead" time="0.000" classname="Reports.CreateLeadDataProvider">
    <skipped/>
  </testcase> <!-- createLead -->
</testsuite> <!-- Reports.CreateLeadDataProvider -->
