<?xml version="1.0" encoding="UTF-8"?>
<!-- Generated by org.testng.reporters.JUnitReportReporter -->
<testsuite skipped="0" hostname="DESKTOP-8PV5AO7" name="testCases.TC002_CreateLeadNeg" tests="3" failures="0" timestamp="03 Aug 2018 17:24:33 GMT" time="42.914" errors="0">
  <testcase name="createLead" time="14.059" classname="testCases.TC002_CreateLeadNeg"/>
  <testcase name="createLead" time="13.824" classname="testCases.TC002_CreateLeadNeg"/>
  <testcase name="createLead" time="15.031" classname="testCases.TC002_CreateLeadNeg"/>
</testsuite> <!-- testCases.TC002_CreateLeadNeg -->
