<?xml version="1.0" encoding="UTF-8"?>
<!-- Generated by org.testng.reporters.JUnitReportReporter -->
<testsuite skipped="0" hostname="DESKTOP-8PV5AO7" name="excelLearning.ReadExcel" tests="1" failures="0" timestamp="28 Jul 2018 03:51:51 GMT" time="0.531" errors="0">
  <testcase name="readExcel" time="0.531" classname="excelLearning.ReadExcel"/>
</testsuite> <!-- excelLearning.ReadExcel -->
