<?xml version="1.0" encoding="UTF-8"?>
<!-- Generated by org.testng.reporters.JUnitReportReporter -->
<testsuite skipped="0" hostname="DESKTOP-8PV5AO7" name="testCases.TC005_DeleteLead" tests="1" failures="0" timestamp="03 Aug 2018 17:24:33 GMT" time="76.750" errors="0">
  <testcase name="deleteLead" time="76.750" classname="testCases.TC005_DeleteLead"/>
</testsuite> <!-- testCases.TC005_DeleteLead -->
