<?xml version="1.0" encoding="UTF-8"?>
<!-- Generated by org.testng.reporters.JUnitReportReporter -->
<testsuite skipped="0" hostname="DESKTOP-8PV5AO7" name="testCasesPOM.TC004_EditLead" tests="1" failures="0" timestamp="07 Aug 2018 15:39:54 GMT" time="25.564" errors="0">
  <testcase name="editLead" time="25.564" classname="testCasesPOM.TC004_EditLead"/>
</testsuite> <!-- testCasesPOM.TC004_EditLead -->
