<?xml version="1.0" encoding="UTF-8"?>
<!-- Generated by org.testng.reporters.JUnitReportReporter -->
<testsuite skipped="0" hostname="DESKTOP-8PV5AO7" name="testCases.TC001_CreateLead" tests="2" failures="0" timestamp="03 Aug 2018 17:24:33 GMT" time="31.173" errors="0">
  <testcase name="createLead" time="15.989" classname="testCases.TC001_CreateLead"/>
  <testcase name="createLead" time="15.184" classname="testCases.TC001_CreateLead"/>
</testsuite> <!-- testCases.TC001_CreateLead -->
